0 info it worked if it ends with ok
1 verbose cli [ 'node', '/usr/local/bin/npm', 'rebuild', 'node-sass' ]
2 info using npm@2.14.2
3 info using node@v0.12.7
4 verbose node symlink /usr/local/bin/node
5 info readInstalled object
6 verbose rebuild path, id [ '/Users/sbaildon/Projects/baildon.co/node_modules/gulp-sass/node_modules/node-sass',
6 verbose rebuild   'node-sass@0.8.6' ]
7 verbose rebuild path, id [ '/Users/sbaildon/Projects/baildon.co/node_modules/node-sass',
7 verbose rebuild   'node-sass@3.3.2' ]
8 silly rebuild set [ '/Users/sbaildon/Projects/baildon.co/node_modules/gulp-sass/node_modules/node-sass',
8 silly rebuild set   '/Users/sbaildon/Projects/baildon.co/node_modules/node-sass' ]
9 info build /Users/sbaildon/Projects/baildon.co/node_modules/gulp-sass/node_modules/node-sass
10 info preinstall node-sass@0.8.6
11 info linkStuff node-sass@0.8.6
12 silly linkStuff node-sass@0.8.6 has /Users/sbaildon/Projects/baildon.co/node_modules/gulp-sass/node_modules as its parent node_modules
13 verbose linkBins node-sass@0.8.6
14 verbose link bins [ { 'node-sass': 'bin/node-sass' },
14 verbose link bins   '/Users/sbaildon/Projects/baildon.co/node_modules/gulp-sass/node_modules/.bin',
14 verbose link bins   false ]
15 verbose linkMans node-sass@0.8.6
16 verbose rebuildBundles node-sass@0.8.6
17 verbose rebuildBundles [ '.bin',
17 verbose rebuildBundles   'chalk',
17 verbose rebuildBundles   'mkdirp',
17 verbose rebuildBundles   'mocha',
17 verbose rebuildBundles   'nan',
17 verbose rebuildBundles   'node-watch',
17 verbose rebuildBundles   'optimist',
17 verbose rebuildBundles   'sinon' ]
18 silly gentlyRm /Users/sbaildon/Projects/baildon.co/node_modules/gulp-sass/node_modules/.bin/node-sass is being purged
19 verbose gentlyRm don't care about contents; nuking /Users/sbaildon/Projects/baildon.co/node_modules/gulp-sass/node_modules/.bin/node-sass
20 silly vacuum-fs purging /Users/sbaildon/Projects/baildon.co/node_modules/gulp-sass/node_modules/.bin/node-sass
21 silly vacuum-fs removing /Users/sbaildon/Projects/baildon.co/node_modules/gulp-sass/node_modules/.bin
22 silly vacuum-fs quitting because other entries in /Users/sbaildon/Projects/baildon.co/node_modules/gulp-sass/node_modules
23 info install node-sass@0.8.6
24 verbose unsafe-perm in lifecycle true
25 info node-sass@0.8.6 Failed to exec install script
26 verbose stack Error: node-sass@0.8.6 install: `node build.js`
26 verbose stack Exit status 1
26 verbose stack     at EventEmitter.<anonymous> (/usr/local/lib/node_modules/npm/lib/utils/lifecycle.js:214:16)
26 verbose stack     at EventEmitter.emit (events.js:110:17)
26 verbose stack     at ChildProcess.<anonymous> (/usr/local/lib/node_modules/npm/lib/utils/spawn.js:24:14)
26 verbose stack     at ChildProcess.emit (events.js:110:17)
26 verbose stack     at maybeClose (child_process.js:1015:16)
26 verbose stack     at Process.ChildProcess._handle.onexit (child_process.js:1087:5)
27 verbose pkgid node-sass@0.8.6
28 verbose cwd /Users/sbaildon/Projects/baildon.co
29 error Darwin 15.0.0
30 error argv "node" "/usr/local/bin/npm" "rebuild" "node-sass"
31 error node v0.12.7
32 error npm  v2.14.2
33 error code ELIFECYCLE
34 error node-sass@0.8.6 install: `node build.js`
34 error Exit status 1
35 error Failed at the node-sass@0.8.6 install script 'node build.js'.
35 error This is most likely a problem with the node-sass package,
35 error not with npm itself.
35 error Tell the author that this fails on your system:
35 error     node build.js
35 error You can get their info via:
35 error     npm owner ls node-sass
35 error There is likely additional logging output above.
36 verbose exit [ 1, true ]
